[debug] [2025-01-07T10:47:22.830Z] ----------------------------------------------------------------------
[debug] [2025-01-07T10:47:22.851Z] Command:       C:\Program Files\nodejs\node.exe C:\Users\hp\AppData\Roaming\npm\node_modules\firebase-tools\lib\bin\firebase.js init
[debug] [2025-01-07T10:47:22.853Z] CLI Version:   13.29.1
[debug] [2025-01-07T10:47:22.853Z] Platform:      win32
[debug] [2025-01-07T10:47:22.853Z] Node Version:  v23.3.0
[debug] [2025-01-07T10:47:22.854Z] Time:          Tue Jan 07 2025 16:17:22 GMT+0530 (India Standard Time)
[debug] [2025-01-07T10:47:22.855Z] ----------------------------------------------------------------------
[debug] 
[debug] [2025-01-07T10:47:22.878Z] > command requires scopes: ["email","openid","https://www.googleapis.com/auth/cloudplatformprojects.readonly","https://www.googleapis.com/auth/firebase","https://www.googleapis.com/auth/cloud-platform"]
[debug] [2025-01-07T10:47:22.879Z] > authorizing via signed-in user (sd7junaidahmed@gmail.com)
[info] 
     ######## #### ########  ######## ########     ###     ######  ########
     ##        ##  ##     ## ##       ##     ##  ##   ##  ##       ##
     ######    ##  ########  ######   ########  #########  ######  ######
     ##        ##  ##    ##  ##       ##     ## ##     ##       ## ##
     ##       #### ##     ## ######## ########  ##     ##  ######  ########

You're about to initialize a Firebase project in this directory:

  C:\Users\hp\OneDrive\Desktop\cake-shop-website-template\public

[info] 
=== Project Setup
[info] 
[info] First, let's associate this project directory with a Firebase project.
[info] You can create multiple project aliases by running firebase use --add, 
[info] but for now we'll just set up a default project.
[info] 
[info] i  If you want to create a project in a Google Cloud organization or folder, please use "firebase projects:create" instead, and return to this command when you've created the project. 
[debug] [2025-01-07T10:48:31.831Z] Checked if tokens are valid: true, expires at: 1736250120468
[debug] [2025-01-07T10:48:31.832Z] Checked if tokens are valid: true, expires at: 1736250120468
[debug] [2025-01-07T10:48:31.835Z] >>> [apiv2][query] POST https://cloudresourcemanager.googleapis.com/v1/projects [none]
[debug] [2025-01-07T10:48:31.835Z] >>> [apiv2][body] POST https://cloudresourcemanager.googleapis.com/v1/projects {"projectId":"cake-shop-sd","name":"cake-shop-sd"}
[debug] [2025-01-07T10:48:34.472Z] <<< [apiv2][status] POST https://cloudresourcemanager.googleapis.com/v1/projects 200
[debug] [2025-01-07T10:48:34.473Z] <<< [apiv2][body] POST https://cloudresourcemanager.googleapis.com/v1/projects {"name":"operations/cp.4613500334869798379"}
[debug] [2025-01-07T10:48:34.474Z] Checked if tokens are valid: true, expires at: 1736250120468
[debug] [2025-01-07T10:48:34.474Z] Checked if tokens are valid: true, expires at: 1736250120468
[debug] [2025-01-07T10:48:34.474Z] >>> [apiv2][query] GET https://cloudresourcemanager.googleapis.com/v1/operations/cp.4613500334869798379 [none]
[debug] [2025-01-07T10:48:36.136Z] <<< [apiv2][status] GET https://cloudresourcemanager.googleapis.com/v1/operations/cp.4613500334869798379 200
[debug] [2025-01-07T10:48:36.136Z] <<< [apiv2][body] GET https://cloudresourcemanager.googleapis.com/v1/operations/cp.4613500334869798379 {"name":"operations/cp.4613500334869798379","metadata":{"@type":"type.googleapis.com/google.cloudresourcemanager.v1.ProjectCreationStatus","ready":true},"done":true,"error":{"code":9,"message":"Callers must accept Terms of Service","details":[{"@type":"type.googleapis.com/google.rpc.PreconditionFailure","violations":[{"type":"TOS","subject":"cloud","description":"Callers must accept Terms of Service"}]}]}}
[debug] [2025-01-07T10:48:36.392Z] FirebaseError: Callers must accept Terms of Service
    at OperationPoller.poll (C:\Users\hp\AppData\Roaming\npm\node_modules\firebase-tools\lib\operation-poller.js:24:19)
    at process.processTicksAndRejections (node:internal/process/task_queues:105:5)
    at async createCloudProject (C:\Users\hp\AppData\Roaming\npm\node_modules\firebase-tools\lib\management\projects.js:213:29)
    at async createFirebaseProjectAndLog (C:\Users\hp\AppData\Roaming\npm\node_modules\firebase-tools\lib\management\projects.js:71:9)
    at async promptAndCreateNewProject (C:\Users\hp\AppData\Roaming\npm\node_modules\firebase-tools\lib\init\features\project.js:32:12)
    at async doSetup (C:\Users\hp\AppData\Roaming\npm\node_modules\firebase-tools\lib\init\features\project.js:89:27)
    at async init (C:\Users\hp\AppData\Roaming\npm\node_modules\firebase-tools\lib\init\index.js:41:9)
[error] 
[error] Error: Failed to create project. See firebase-debug.log for more info.
